<?xml version="1.0" encoding="UTF-8"?>
<robot generator="Robot 5.0 (Python 3.10.4 on win32)" generated="20220513 20:58:35.671" rpa="false" schemaversion="3">
<suite id="s1" name="Test" source="C:\iniciando_testes_robot\Robot\test.robot">
<test id="s1-t1" name="Deve retornar mensagem de boas vindas" line="6">
<kw name="Welcome" library="app">
<var>${result}</var>
<arg>Vinicius</arg>
<msg timestamp="20220513 20:58:35.720" level="INFO">${result} = Ola Vinicius, bem vindo!</msg>
<status status="PASS" starttime="20220513 20:58:35.720" endtime="20220513 20:58:35.720"/>
</kw>
<kw name="Should Be Equal" library="BuiltIn">
<arg>${result}</arg>
<arg>Ola Vinicius, bem vindo!</arg>
<doc>Fails if the given objects are unequal.</doc>
<status status="PASS" starttime="20220513 20:58:35.721" endtime="20220513 20:58:35.721"/>
</kw>
<status status="PASS" starttime="20220513 20:58:35.718" endtime="20220513 20:58:35.722"/>
</test>
<status status="PASS" starttime="20220513 20:58:35.674" endtime="20220513 20:58:35.724"/>
</suite>
<statistics>
<total>
<stat pass="1" fail="0" skip="0">All Tests</stat>
</total>
<tag>
</tag>
<suite>
<stat pass="1" fail="0" skip="0" id="s1" name="Test">Test</stat>
</suite>
</statistics>
<errors>
</errors>
</robot>
